2020-08-15 13:00:30,439 INFO notifyConnectTimeout:200

2020-08-15 13:00:30,442 INFO notifySocketTimeout:8000

2020-08-15 13:00:30,443 INFO isHealthCheck:true

2020-08-15 13:00:30,443 INFO maxHealthCheckFailCount:12

2020-08-15 13:00:30,443 INFO maxContent:10485760

2020-08-15 13:00:30,444 INFO spring.datasource.platform:mysql

2020-08-15 13:00:39,707 WARN DumpService start

2020-08-15 13:00:39,708 INFO start clear all config-info.

2020-08-15 13:00:39,712 WARN clear all config-info failed.

2020-08-15 13:00:39,712 WARN clear all config-info-tenant failed.

2020-08-15 15:18:54,989 INFO notifyConnectTimeout:200

2020-08-15 15:18:54,993 INFO notifySocketTimeout:8000

2020-08-15 15:18:54,993 INFO isHealthCheck:true

2020-08-15 15:18:54,993 INFO maxHealthCheckFailCount:12

2020-08-15 15:18:54,993 INFO maxContent:10485760

2020-08-15 15:18:54,994 INFO spring.datasource.platform:mysql

2020-08-15 15:18:59,149 WARN DumpService start

2020-08-15 15:18:59,150 INFO start clear all config-info.

2020-08-15 15:18:59,155 WARN clear all config-info failed.

2020-08-15 15:18:59,156 WARN clear all config-info-tenant failed.

2020-08-15 15:18:59,161 INFO start clear all config-info-beta.

2020-08-15 15:18:59,161 WARN clear all config-info-beta failed.

2020-08-15 15:18:59,161 WARN clear all config-info-beta-tenant failed.

2020-08-15 15:18:59,162 INFO start clear all config-info-tag.

2020-08-15 15:18:59,162 WARN clear all config-info-tag failed.

2020-08-15 15:18:59,162 WARN clear all config-info-tag-tenant failed.

2020-08-15 16:40:11,257 INFO notifyConnectTimeout:200

2020-08-15 16:40:11,261 INFO notifySocketTimeout:8000

2020-08-15 16:40:11,262 INFO isHealthCheck:true

2020-08-15 16:40:11,262 INFO maxHealthCheckFailCount:12

2020-08-15 16:40:11,262 INFO maxContent:10485760

2020-08-15 16:40:11,265 INFO spring.datasource.platform:mysql

2020-08-15 16:40:26,455 WARN DumpService start

2020-08-15 16:40:26,455 INFO start clear all config-info.

2020-08-15 16:40:26,464 INFO clear all config-info success.

2020-08-15 16:40:26,464 WARN clear all config-info-tenant failed.

2020-08-15 16:50:25,095 INFO notifyConnectTimeout:200

2020-08-15 16:50:25,099 INFO notifySocketTimeout:8000

2020-08-15 16:50:25,099 INFO isHealthCheck:true

2020-08-15 16:50:25,099 INFO maxHealthCheckFailCount:12

2020-08-15 16:50:25,099 INFO maxContent:10485760

2020-08-15 16:50:25,100 INFO spring.datasource.platform:mysql

2020-08-15 16:50:29,951 WARN DumpService start

2020-08-15 16:50:29,951 INFO start clear all config-info.

2020-08-15 16:50:29,956 WARN clear all config-info failed.

2020-08-15 16:50:29,956 WARN clear all config-info-tenant failed.

2020-08-15 16:50:29,983 INFO [all-dump] 3 / 3

2020-08-15 16:50:29,983 INFO start clear all config-info-beta.

2020-08-15 16:50:29,983 WARN clear all config-info-beta failed.

2020-08-15 16:50:29,983 WARN clear all config-info-beta-tenant failed.

2020-08-15 16:50:29,984 INFO start clear all config-info-tag.

2020-08-15 16:50:29,984 WARN clear all config-info-tag failed.

2020-08-15 16:50:29,984 WARN clear all config-info-tag-tenant failed.

2020-08-15 20:14:11,100 INFO notifyConnectTimeout:200

2020-08-15 20:14:11,105 INFO notifySocketTimeout:8000

2020-08-15 20:14:11,105 INFO isHealthCheck:true

2020-08-15 20:14:11,105 INFO maxHealthCheckFailCount:12

2020-08-15 20:14:11,105 INFO maxContent:10485760

2020-08-15 20:14:11,106 INFO spring.datasource.platform:mysql

2020-08-15 20:14:29,084 WARN DumpService start

2020-08-15 20:14:29,085 INFO start clear all config-info.

2020-08-15 20:14:29,094 INFO clear all config-info success.

2020-08-15 20:14:29,095 WARN clear all config-info-tenant failed.

