2020-08-15 15:19:29,196 INFO PERFORMANCE:|0|0|-1|-1

2020-08-15 15:24:29,197 INFO PERFORMANCE:|0|0|-1|-1

2020-08-15 15:29:29,198 INFO PERFORMANCE:|2|0|-1|-1

2020-08-15 15:34:29,198 INFO PERFORMANCE:|0|0|-1|-1

2020-08-15 15:39:29,199 INFO PERFORMANCE:|0|0|-1|-1

2020-08-15 15:44:29,199 INFO PERFORMANCE:|0|0|-1|-1

2020-08-15 15:49:29,200 INFO PERFORMANCE:|0|0|-1|-1

2020-08-15 15:54:29,200 INFO PERFORMANCE:|0|0|-1|-1

2020-08-15 15:59:29,201 INFO PERFORMANCE:|0|0|-1|-1

2020-08-15 16:04:29,201 INFO PERFORMANCE:|0|0|-1|-1

2020-08-15 16:09:29,202 INFO PERFORMANCE:|0|0|-1|-1

2020-08-15 16:14:29,203 INFO PERFORMANCE:|0|0|-1|-1

2020-08-15 16:51:00,010 INFO PERFORMANCE:|0|0|-1|-1

2020-08-15 16:56:00,010 INFO PERFORMANCE:|0|0|-1|-1

2020-08-15 17:01:00,010 INFO PERFORMANCE:|2|0|-1|-1

2020-08-15 17:06:00,011 INFO PERFORMANCE:|0|0|-1|-1

2020-08-15 17:11:00,011 INFO PERFORMANCE:|0|0|-1|-1

2020-08-15 17:16:00,012 INFO PERFORMANCE:|0|0|-1|-1

2020-08-15 17:21:00,012 INFO PERFORMANCE:|0|0|-1|-1

2020-08-15 17:26:00,012 INFO PERFORMANCE:|0|0|-1|-1

2020-08-15 17:31:00,013 INFO PERFORMANCE:|0|0|-1|-1

2020-08-15 17:36:00,013 INFO PERFORMANCE:|0|0|-1|-1

2020-08-15 17:41:00,013 INFO PERFORMANCE:|0|0|-1|-1

2020-08-15 17:46:00,014 INFO PERFORMANCE:|0|0|-1|-1

2020-08-15 17:51:00,015 INFO PERFORMANCE:|0|0|-1|-1

2020-08-15 17:56:00,015 INFO PERFORMANCE:|0|0|-1|-1

